[17/07/2017 07:50] Cronan The Dark Gamer(169593870777057280) changed the colour of role 'Vice Head Woah'
[17/07/2017 07:53] Cronan The Dark Gamer(169593870777057280) changed the colour of role 'abomb is my sanpai'
[17/07/2017 07:53] Abomb32(300122760338997258) changed the colour of role 'Thee Woah'
[17/07/2017 07:53] Quin(292122940844146689) changed the colour of role 'Leaders'
[17/07/2017 07:55] Quin(292122940844146689) changed the colour of role 'Woah Maker'
[17/07/2017 07:55] Abomb32(300122760338997258) changed the colour of role 'Thee Woah'
[17/07/2017 15:22] Message deleted in server 333502128691740675.Filtered: bad woah
[17/07/2017 15:28] Message deleted in server 333502128691740675.Filtered: bad woah
[07/08/2017 03:53] Cronan The Dark Gamer(169593870777057280) kicked XeroZZ(195333192176107520)
[07/08/2017 04:15] Abomb32(300122760338997258) kicked Shavon(268891826105090048)
[07/08/2017 06:18] Cronan The Dark Gamer(169593870777057280) changed the colour of role 'Head Woah'
[08/08/2017 18:28] Message deleted in server 333502128691740675.Filtered: discord.gg
[08/08/2017 18:28] Message deleted in server 333502128691740675.Filtered: discord.gg
[08/08/2017 18:29] Message deleted in server 333502128691740675.Filtered: discord.gg
[08/08/2017 18:30] Message deleted in server 333502128691740675.Filtered: discord.gg
[08/08/2017 18:30] Message deleted in server 333502128691740675.Filtered: discord.gg
[08/08/2017 18:30] Message deleted in server 333502128691740675.Filtered: discord.gg
[08/08/2017 18:30] Message deleted in server 333502128691740675.Filtered: discord.gg
[08/08/2017 18:30] Message deleted in server 333502128691740675.Filtered: discord.gg
[08/08/2017 18:30] Message deleted in server 333502128691740675.Filtered: discord.gg
[08/08/2017 18:30] Message deleted in server 333502128691740675.Filtered: discord.gg
[08/08/2017 18:30] Message deleted in server 333502128691740675.Filtered: discord.gg
[08/08/2017 18:30] Message deleted in server 333502128691740675.Filtered: discord.gg
[08/08/2017 18:30] Message deleted in server 333502128691740675.Filtered: discord.gg
[08/08/2017 18:30] Message deleted in server 333502128691740675.Filtered: discord.gg
[08/08/2017 18:30] Message deleted in server 333502128691740675.Filtered: discord.gg
[08/08/2017 18:30] Message deleted in server 333502128691740675.Filtered: discord.gg
[08/08/2017 18:30] Message deleted in server 333502128691740675.Filtered: discord.gg
[08/08/2017 18:32] Message deleted in server 333502128691740675.Filtered: discord.gg
[08/08/2017 18:32] Message deleted in server 333502128691740675.Filtered: discord.gg
[08/08/2017 18:32] Message deleted in server 333502128691740675.Filtered: discord.gg
[08/08/2017 18:32] Message deleted in server 333502128691740675.Filtered: discord.gg
[11/08/2017 02:19] Cronan The Dark Gamer(169593870777057280) changed the colour of role 'Poop Pooper McDinkerface'
[11/08/2017 02:34] Cronan The Dark Gamer(169593870777057280) changed the colour of role 'expirianced'
[12/08/2017 15:40] Cronan The Dark Gamer(169593870777057280) deleted 4 messages  made by Itz Splash(197063788560777216) in channel general
[12/08/2017 18:45] Cronan The Dark Gamer(169593870777057280) deleted 58 messages  made by Hex(278618030219591680) in channel woah_central
[15/08/2017 04:13] Cronan The Dark Gamer(169593870777057280) deleted 5 messages in channel general
[16/08/2017 00:33] Cronan The Dark Gamer(169593870777057280) deleted 5 messages in channel bot-cronan
[16/08/2017 00:33] Cronan The Dark Gamer(169593870777057280) deleted 1 messages in channel bot-cronan
[16/08/2017 00:34] Cronan The Dark Gamer(169593870777057280) deleted 10 messages in channel bot-cronan
[16/08/2017 08:37] Message deleted in server 333502128691740675.Filtered: discord.gg
[16/08/2017 08:37] Message deleted in server 333502128691740675.Filtered: discord.gg
[16/08/2017 08:38] Message deleted in server 333502128691740675.Filtered: discord.gg
[16/08/2017 08:39] Message deleted in server 333502128691740675.Filtered: discord.gg
[16/08/2017 08:40] Message deleted in server 333502128691740675.Filtered: discord.gg
[16/08/2017 08:41] Message deleted in server 333502128691740675.Filtered: discord.gg
[16/08/2017 08:42] Message deleted in server 333502128691740675.Filtered: discord.gg
[16/08/2017 08:58] Cronan The Dark Gamer(169593870777057280) deleted 101 messages  made by XeroZZ(195333192176107520) in channel woah_central
[16/08/2017 08:58] Cronan The Dark Gamer(169593870777057280) deleted 101 messages  made by Abomb32(300122760338997258) in channel woah_central
[16/08/2017 08:58] Cronan The Dark Gamer(169593870777057280) deleted 4 messages  made by XeroZZ(195333192176107520) in channel woah_central
[16/08/2017 09:02] Cronan The Dark Gamer(169593870777057280) deleted 101 messages  made by XeroZZ(195333192176107520) in channel woah_central
[16/08/2017 09:04] Cronan The Dark Gamer(169593870777057280) deleted 2 messages in channel woah_central
[16/08/2017 09:05] Cronan The Dark Gamer(169593870777057280) deleted 1000 messages in channel woah_central
[16/08/2017 09:22] Abomb32(300122760338997258) deleted 75 messages  made by Cronan The Dark Gamer(169593870777057280) in channel woah_central
[16/08/2017 09:22] Cronan The Dark Gamer(169593870777057280) deleted 18  command messages in channel woah_central
[17/08/2017 00:10] Cronan The Dark Gamer(169593870777057280) changed the name of role 'Cringy Youtuber' to 'Cringy Youtuber(aka Cronan)'
[17/08/2017 00:10] SeriousHamburger(197063788560777216) changed the colour of role 'yellow?'
[17/08/2017 00:20] Cronan The Dark Gamer(169593870777057280) changed the colour of role 'Cringy Youtuber(aka Cronan)'
[17/08/2017 00:21] Cronan The Dark Gamer(169593870777057280) changed the colour of role 'Cringy Youtuber(aka Cronan)'
[19/08/2017 02:37] Cronan The Dark Gamer(169593870777057280) kicked HeroAxis83(334988397359661057)
[19/08/2017 02:41] Cronan The Dark Gamer(169593870777057280) banned HeroAxis83(334988397359661057), deleting 0 days worth of messages
[19/08/2017 17:46] Cronan The Dark Gamer(169593870777057280) deleted 1 messages in channel general
[19/08/2017 17:46] Cronan The Dark Gamer(169593870777057280) deleted 1 messages in channel general
[19/08/2017 18:46] Cronan The Dark Gamer(169593870777057280) deleted 10 messages in channel woah_central
[20/08/2017 12:51] Message deleted in server 333502128691740675.Filtered: no
[20/08/2017 12:52] Message deleted in server 333502128691740675.Filtered: no
[20/08/2017 17:40] Cronan The Dark Gamer(169593870777057280) deleted 214928356846578324 messages in channel woah_central
[20/08/2017 17:40] Cronan The Dark Gamer(169593870777057280) deleted 1234 messages in channel woah_central
[20/08/2017 17:40] Cronan The Dark Gamer(169593870777057280) deleted 38271289571845 messages in channel woah_central
[20/08/2017 18:22] Cronan The Dark Gamer(169593870777057280) deleted 1 messages in channel woah_central
[03/09/2017 04:35] Cronan The Dark Gamer(169593870777057280) banned Autistic Doggo(258405059400826880), deleting 0 days worth of messages
[04/09/2017 00:16] Umbreon(220295925925412865) banned Sportasmash(218855556851433473), deleting 0 days worth of messages
[04/09/2017 00:33] Message deleted in server 220297883390443520.Filtered: boi
[04/09/2017 00:34] Message deleted in server 220297883390443520.Filtered: boi
[04/09/2017 00:34] Message deleted in server 220297883390443520.Filtered: boi
[04/09/2017 00:34] Message deleted in server 220297883390443520.Filtered: boi
[04/09/2017 00:34] Message deleted in server 220297883390443520.Filtered: boi
[04/09/2017 00:36] Message deleted in server 220297883390443520.Filtered: boi
[04/09/2017 00:37] Message deleted in server 220297883390443520.Filtered: boi
[07/09/2017 19:57] Message deleted in server 347511781834620928.Filtered: discord.gg
[07/09/2017 19:58] Message deleted in server 347511781834620928.Filtered: discord.gg
[07/09/2017 19:58] Message deleted in server 347511781834620928.Filtered: discord.gg
[08/09/2017 04:54] Message deleted in server 351083253400207361.Filtered: discord.gg
[08/09/2017 15:57] Message deleted in server 351512285656645633.Filtered: shit
[08/09/2017 15:58] Message deleted in server 351512285656645633.Filtered: shit
[08/09/2017 15:58] Message deleted in server 351512285656645633.Filtered: fuck
[08/09/2017 15:59] Message deleted in server 351512285656645633.Filtered: sucks balls
[08/09/2017 16:00] Message deleted in server 351512285656645633.Filtered: dick
[08/09/2017 16:06] Message deleted in server 351512285656645633.Filtered: shit
[08/09/2017 17:22] Abomb32(300122760338997258) banned Craft GamerZ(317661453173784578), deleting 0 days worth of messages
[08/09/2017 17:44] Abomb32(300122760338997258) kicked Connect4(321278762773643265)
[09/09/2017 03:35] Message deleted in server 351083253400207361.Filtered: discord.gg
[09/09/2017 04:36] Message deleted in server 351083253400207361.Filtered: discord.gg
[09/09/2017 04:37] Message deleted in server 351083253400207361.Filtered: discord.gg
[09/09/2017 04:37] Message deleted in server 351083253400207361.Filtered: discord.gg
[09/09/2017 04:38] Message deleted in server 351083253400207361.Filtered: discord.gg
[09/09/2017 07:23] Message deleted in server 351083253400207361.Filtered: discord.gg
[09/09/2017 07:25] Message deleted in server 351083253400207361.Filtered: discord.gg
[09/09/2017 07:25] Message deleted in server 351083253400207361.Filtered: discord.gg
[09/09/2017 07:26] Message deleted in server 351083253400207361.Filtered: discord.gg
[09/09/2017 08:54] Message deleted in server 351083253400207361.Filtered: discord.gg
[09/09/2017 09:02] Message deleted in server 351083253400207361.Filtered: discord.gg
[09/09/2017 09:49] Message deleted in server 351083253400207361.Filtered: discord.gg
[09/09/2017 09:49] Message deleted in server 351083253400207361.Filtered: discord.gg
[10/09/2017 10:11] Message deleted in server 351512285656645633.Filtered: ass
[10/09/2017 10:12] Message deleted in server 351512285656645633.Filtered: ass
[11/09/2017 04:50] Message deleted in server 351083253400207361.Filtered: discord.gg
[11/09/2017 06:57] Message deleted in server 351083253400207361.Filtered: discord.gg
[11/09/2017 06:59] Message deleted in server 351083253400207361.Filtered: discord.gg
[11/09/2017 06:59] Message deleted in server 351083253400207361.Filtered: discord.gg
[11/09/2017 06:59] Message deleted in server 351083253400207361.Filtered: discord.gg
[11/09/2017 07:00] Message deleted in server 351083253400207361.Filtered: discord.gg
[11/09/2017 07:00] Message deleted in server 351083253400207361.Filtered: discord.gg
[11/09/2017 07:01] Message deleted in server 351083253400207361.Filtered: discord.gg
[11/09/2017 07:01] Message deleted in server 351083253400207361.Filtered: discord.gg
[11/09/2017 15:26] Cronan The Dark Gamer(169593870777057280) changed the colour of role 'Parliament Shit'
[11/09/2017 15:33] Cronan The Dark Gamer(169593870777057280) changed the colour of role 'colour role'
[11/09/2017 20:02] Message deleted in server 351083253400207361.Filtered: discord.gg
[12/09/2017 14:33] Message deleted in server 351083253400207361.Filtered: discord.gg
[12/09/2017 16:58] Message deleted in server 351083253400207361.Filtered: discord.gg
[12/09/2017 16:59] Message deleted in server 351083253400207361.Filtered: discord.gg
[12/09/2017 18:31] Cronan The Dark Gamer(169593870777057280) kicked poob(264203875718922241)
[12/09/2017 18:33] Cronan The Dark Gamer(169593870777057280) banned poob(264203875718922241), deleting 0 days worth of messages
